<?xml version="1.0" encoding="UTF-8"?>
<!-- Generated by org.testng.reporters.JUnitReportReporter -->
<testsuite hostname="Admin-PC" name="com.ParallelExecutionTests.ChromeTest1" tests="1" failures="0" timestamp="8 Mar 2020 08:30:44 GMT" time="55.592" errors="0">
  <testcase name="chromeTest1" time="55.592" classname="com.ParallelExecutionTests.ChromeTest1"/>
</testsuite> <!-- com.ParallelExecutionTests.ChromeTest1 -->
