<?xml version="1.0" encoding="UTF-8"?>
<!-- Generated by org.testng.reporters.JUnitReportReporter -->
<testsuite hostname="Admin-PC" name="com.ParallelExecutionTests.ChromeTest2" tests="1" failures="0" timestamp="8 Mar 2020 08:30:44 GMT" time="60.443" errors="0">
  <testcase name="chromeTest2" time="60.443" classname="com.ParallelExecutionTests.ChromeTest2"/>
</testsuite> <!-- com.ParallelExecutionTests.ChromeTest2 -->
