<?xml version="1.0" encoding="UTF-8"?>
<!-- Generated by org.testng.reporters.JUnitReportReporter -->
<testsuite hostname="Admin-PC" name="com.ParallelExecutionTests.FirefoxTest2" tests="1" failures="0" timestamp="8 Mar 2020 05:36:09 GMT" time="9.044" errors="0">
  <testcase name="firefoxTest2" time="9.044" classname="com.ParallelExecutionTests.FirefoxTest2"/>
</testsuite> <!-- com.ParallelExecutionTests.FirefoxTest2 -->
