<?xml version="1.0" encoding="UTF-8"?>
<!-- Generated by org.testng.reporters.JUnitReportReporter -->
<testsuite hostname="Admin-PC" name="com.ParallelExecutionTests.FirefoxTest1" tests="1" failures="0" timestamp="8 Mar 2020 05:36:09 GMT" time="16.090" errors="0">
  <testcase name="firefoxTest1" time="16.090" classname="com.ParallelExecutionTests.FirefoxTest1"/>
</testsuite> <!-- com.ParallelExecutionTests.FirefoxTest1 -->
