<?xml version="1.0" encoding="UTF-8"?>
<!-- Generated by org.testng.reporters.JUnitReportReporter -->
<testsuite hostname="Admin-PC" name="com.ParallelExecutionTests.ChromeTest1" tests="1" failures="0" timestamp="8 Mar 2020 05:36:09 GMT" time="15.296" errors="0">
  <testcase name="chromeTest1" time="15.296" classname="com.ParallelExecutionTests.ChromeTest1"/>
</testsuite> <!-- com.ParallelExecutionTests.ChromeTest1 -->
