<?xml version="1.0" encoding="UTF-8"?>
<!-- Generated by org.testng.reporters.JUnitReportReporter -->
<testsuite hostname="Admin-PC" name="com.ParallelExecutionTests.ChromeTest1" tests="1" failures="0" timestamp="8 Mar 2020 10:39:09 GMT" time="18.232" errors="0">
  <testcase name="chromeTest1" time="18.232" classname="com.ParallelExecutionTests.ChromeTest1"/>
</testsuite> <!-- com.ParallelExecutionTests.ChromeTest1 -->
